L 02/02/2011 - 23:19:13: Log file started (file "logs/L0202004.log") (game "cstrike") (version "48/1.1.2.6/Stdio/4617")
L 02/02/2011 - 23:19:13: Server say "SkillTracker logging enabled
"
L 02/02/2011 - 23:19:14: "aidy<26><STEAM_0:0:27344><CT>" say "gl hf xXxxXxxXxXxxxXxxxxxxxx"
L 02/02/2011 - 23:19:15: Server say "Server is pausable
"
L 02/02/2011 - 23:19:16: "q(^.^)p<23><STEAM_0:0:19679246><TERRORIST>" say_team "BBB"
L 02/02/2011 - 23:19:18: "w2pr<31><STEAM_0:0:13415050><CT>" say "hf"
L 02/02/2011 - 23:19:19: "Angel<28><STEAM_0:0:125355><TERRORIST>" triggered "Dropped_The_Bomb"
L 02/02/2011 - 23:19:22: Server say "sgllo3.cfg executed successfully.
"
L 02/02/2011 - 23:19:22: World triggered "Round_Start"
L 02/02/2011 - 23:19:23: "depn Vinn0w'<25><STEAM_0:0:30817665><TERRORIST>" triggered "Got_The_Bomb"
L 02/02/2011 - 23:19:26: "Angel<28><STEAM_0:0:125355><TERRORIST>" attacked "rossmachine<21><STEAM_0:0:7861523><CT>" with "glock18" (damage "3") (damage_armor "0") (health "97") (armor "0")
L 02/02/2011 - 23:19:36: "q(^.^)p<23><STEAM_0:0:19679246><TERRORIST>" attacked "rossmachine<21><STEAM_0:0:7861523><CT>" with "glock18" (damage "23") (damage_armor "0") (health "74") (armor "0")
L 02/02/2011 - 23:19:37: "q(^.^)p<23><STEAM_0:0:19679246><TERRORIST>" attacked "rossmachine<21><STEAM_0:0:7861523><CT>" with "glock18" (damage "18") (damage_armor "0") (health "56") (armor "0")
L 02/02/2011 - 23:19:37: "w2pr<31><STEAM_0:0:13415050><CT>" attacked "q(^.^)p<23><STEAM_0:0:19679246><TERRORIST>" with "usp" (damage "16") (damage_armor "9") (health "84") (armor "91")
L 02/02/2011 - 23:19:37: "w2pr<31><STEAM_0:0:13415050><CT>" attacked "q(^.^)p<23><STEAM_0:0:19679246><TERRORIST>" with "usp" (damage "13") (damage_armor "7") (health "71") (armor "84")
L 02/02/2011 - 23:19:37: "q(^.^)p<23><STEAM_0:0:19679246><TERRORIST>" attacked "rossmachine<21><STEAM_0:0:7861523><CT>" with "glock18" (damage "18") (damage_armor "0") (health "38") (armor "0")
L 02/02/2011 - 23:19:37: "rossmachine<21><STEAM_0:0:7861523><CT>" attacked "q(^.^)p<23><STEAM_0:0:19679246><TERRORIST>" with "usp" (damage "13") (damage_armor "6") (health "58") (armor "78")
L 02/02/2011 - 23:19:37: "w2pr<31><STEAM_0:0:13415050><CT>" attacked "q(^.^)p<23><STEAM_0:0:19679246><TERRORIST>" with "usp" (damage "13") (damage_armor "7") (health "45") (armor "71")
L 02/02/2011 - 23:19:37: "q(^.^)p<23><STEAM_0:0:19679246><TERRORIST>" attacked "rossmachine<21><STEAM_0:0:7861523><CT>" with "glock18" (damage "18") (damage_armor "0") (health "20") (armor "0")
L 02/02/2011 - 23:19:37: "rossmachine<21><STEAM_0:0:7861523><CT>" attacked "q(^.^)p<23><STEAM_0:0:19679246><TERRORIST>" with "usp" (damage "13") (damage_armor "7") (health "32") (armor "64")
L 02/02/2011 - 23:19:37: "w2pr<31><STEAM_0:0:13415050><CT>" attacked "q(^.^)p<23><STEAM_0:0:19679246><TERRORIST>" with "usp" (damage "13") (damage_armor "7") (health "19") (armor "57")
L 02/02/2011 - 23:19:37: "davis<30><STEAM_0:1:2686074><TERRORIST>" attacked "w2pr<31><STEAM_0:0:13415050><CT>" with "glock18" (damage "16") (damage_armor "0") (health "84") (armor "0")
L 02/02/2011 - 23:19:37: "q(^.^)p<23><STEAM_0:0:19679246><TERRORIST>" attacked "Luiki<27><STEAM_0:1:33796954><TERRORIST>" with "glock18" (damage "5") (damage_armor "3") (health "95") (armor "97")
L 02/02/2011 - 23:19:37: "rossmachine<21><STEAM_0:0:7861523><CT>" attacked "Luiki<27><STEAM_0:1:33796954><TERRORIST>" with "usp" (damage "14") (damage_armor "7") (health "81") (armor "90")
L 02/02/2011 - 23:19:37: "Luiki<27><STEAM_0:1:33796954><TERRORIST>" attacked "rossmachine<21><STEAM_0:0:7861523><CT>" with "glock18" (damage "21") (damage_armor "0") (health "-1") (armor "0")
L 02/02/2011 - 23:19:37: "Luiki<27><STEAM_0:1:33796954><TERRORIST>" killed "rossmachine<21><STEAM_0:0:7861523><CT>" with "glock18"
L 02/02/2011 - 23:19:38: "w2pr<31><STEAM_0:0:13415050><CT>" killed "q(^.^)p<23><STEAM_0:0:19679246><TERRORIST>" with "usp"
L 02/02/2011 - 23:19:39: "davis<30><STEAM_0:1:2686074><TERRORIST>" killed "w2pr<31><STEAM_0:0:13415050><CT>" with "glock18"
L 02/02/2011 - 23:20:00: "danny zuko<29><STEAM_0:1:371901><CT>" attacked "depn Vinn0w'<25><STEAM_0:0:30817665><TERRORIST>" with "usp" (damage "24") (damage_armor "0") (health "55") (armor "0")
L 02/02/2011 - 23:20:00: "boab<24><STEAM_0:0:202865><CT>" attacked "depn Vinn0w'<25><STEAM_0:0:30817665><TERRORIST>" with "usp" (damage "28") (damage_armor "0") (health "27") (armor "0")
L 02/02/2011 - 23:20:02: "boab<24><STEAM_0:0:202865><CT>" attacked "depn Vinn0w'<25><STEAM_0:0:30817665><TERRORIST>" with "usp" (damage "31") (damage_armor "0") (health "-4") (armor "0")
L 02/02/2011 - 23:20:02: "boab<24><STEAM_0:0:202865><CT>" killed "depn Vinn0w'<25><STEAM_0:0:30817665><TERRORIST>" with "usp"