L 02/02/2011 - 23:19:13: Log file started (file "logs/L0202004.log") (game "cstrike") (version "48/1.1.2.6/Stdio/4617")
L 02/02/2011 - 23:19:13: Server say "SkillTracker logging enabled
"
L 02/02/2011 - 23:28:47: "boab<24><STEAM_0:0:202865><CT>" attacked "depn Vinn0w'<25><STEAM_0:0:30817665><TERRORIST>" with "usp" (damage "13") (damage_armor "6") (health "12") (armor "77")
L 02/02/2011 - 23:28:47: "boab<24><STEAM_0:0:202865><CT>" attacked "depn Vinn0w'<25><STEAM_0:0:30817665><TERRORIST>" with "usp" (damage "14") (damage_armor "7") (health "-2") (armor "70")
L 02/02/2011 - 23:28:47: "boab<24><STEAM_0:0:202865><CT>" killed "depn Vinn0w'<25><STEAM_0:0:30817665><TERRORIST>" with "usp"
L 02/02/2011 - 23:28:49: "boab<24><STEAM_0:0:202865><CT>" triggered "Begin_Bomb_Defuse_With_Kit"
L 02/02/2011 - 23:28:53: "rossmachine<21><STEAM_0:0:7861523><CT>" say "SKILLZ"
L 02/02/2011 - 23:28:54: "boab<24><STEAM_0:0:202865><CT>" triggered "Defused_The_Bomb"
L 02/11/2011 - 22:18:18: "le rossmachine<3><STEAM_0:0:7861523><CT>" attacked "rohgneS<14><STEAM_0:1:15773382><TERRORIST>" with "usp" (damage "8") (damage_armor "4") (health "44") (armor "71")
L 02/11/2011 - 22:18:19: "le rossmachine<3><STEAM_0:0:7861523><CT>" attacked "rohgneS<14><STEAM_0:1:15773382><TERRORIST>" with "usp" (damage "8") (damage_armor "4") (health "36") (armor "67")
L 02/11/2011 - 22:18:19: "boab<5><STEAM_0:0:202865><CT>" triggered "Begin_Bomb_Defuse_Without_Kit"
L 02/11/2011 - 22:18:20: "boab<5><STEAM_0:0:202865><CT>" triggered "Begin_Bomb_Defuse_Without_Kit"
L 02/11/2011 - 22:18:21: "rohgneS<14><STEAM_0:1:15773382><TERRORIST>" attacked "boab<5><STEAM_0:0:202865><CT>" with "glock18" (damage "17") (damage_armor "0") (health "29") (armor "0")
L 02/11/2011 - 22:18:21: "rohgneS<14><STEAM_0:1:15773382><TERRORIST>" attacked "boab<5><STEAM_0:0:202865><CT>" with "glock18" (damage "68") (damage_armor "0") (health "-39") (armor "0")
L 02/11/2011 - 22:18:21: "rohgneS<14><STEAM_0:1:15773382><TERRORIST>" killed "boab<5><STEAM_0:0:202865><CT>" with "glock18"
L 02/02/2011 - 23:28:53: "rossmachine<21><STEAM_0:0:7861523><CT>" say "SKILLZ"
L 02/02/2011 - 23:28:54: "boab<5><STEAM_0:0:202865><CT>" triggered "Defused_The_Bomb"
L 02/11/2011 - 22:18:19: "rohgneS<14><STEAM_0:1:15773382><CT>" triggered "Begin_Bomb_Defuse_Without_Kit"
L 02/02/2011 - 23:28:49: "boab<24><STEAM_0:0:202865><CT>" triggered "Begin_Bomb_Defuse_With_Kit"
L 02/02/2011 - 23:28:53: "rossmachine<21><STEAM_0:0:7861523><CT>" say "SKILLZ"
L 02/02/2011 - 23:28:54: "boab<24><STEAM_0:0:202865><CT>" triggered "Defused_The_Bomb"
L 02/11/2011 - 22:18:19: "boab<5><STEAM_0:0:202865><CT>" triggered "Begin_Bomb_Defuse_Without_Kit"
L 02/11/2011 - 22:18:23: Team "TERRORIST" triggered "Terrorists_Win" (CT "0") (T "1")
L 02/11/2011 - 22:18:23: World triggered "Round_End"